<?xml version="1.0" encoding="UTF-8"?>
<testsuite xmlns:xsi="http://www.w3.org/2001/XMLSchema-instance" xsi:noNamespaceSchemaLocation="https://maven.apache.org/surefire/maven-surefire-plugin/xsd/surefire-test-report.xsd" name="com.example.AppTest" time="0.07" tests="9" errors="0" skipped="0" failures="0">
  <properties>
[...]
</properties>
  <testcase name="testCopyQueue" classname="com.example.AppTest" time="0.011"/>
  <testcase name="testBooleans" classname="com.example.AppTest" time="0"/>
  <testcase name="shouldAnswerWithTrue" classname="com.example.AppTest" time="0"/>
  <testcase name="testSet" classname="com.example.AppTest" time="0.002"/>
  <testcase name="testIntegerCompare" classname="com.example.AppTest" time="0"/>
  <testcase name="testMoode" classname="com.example.AppTest" time="0.001"/>
  <testcase name="testComputeFunction" classname="com.example.AppTest" time="0.001"/>
  <testcase name="testKeySet" classname="com.example.AppTest" time="0.002"/>
  <testcase name="testNullMap" classname="com.example.AppTest" time="0.001"/>
</testsuite>